<?xml version="1.0" encoding="UTF-8"?>
<!-- Generated by org.testng.reporters.JUnitXMLReporter -->
<testsuite hostname="DESKTOP-PHQB903" ignored="0" name="Test" tests="3" failures="0" timestamp="10 Nov 2021 14:01:40 GMT" time="198.605" errors="0">
  <testcase name="feature" time="104.056" classname="cucumber.api.testng.AbstractTestNGCucumberTests"/>
  <testcase name="testcase1" time="76.85" classname="testrunner.TideApplication"/>
  <testcase name="testcase3" time="15.892" classname="testrunner.TideApplication"/>
</testsuite> <!-- Test -->
