<?xml version="1.0" encoding="UTF-8"?>
<testng-results skipped="0" failed="0" ignored="0" total="3" passed="3">
  <reporter-output>
  </reporter-output>
  <suite name="Suite" duration-ms="198605" started-at="2021-11-10T13:58:21Z" finished-at="2021-11-10T14:01:40Z">
    <groups>
      <group name="cucumber">
        <method signature="AbstractTestNGCucumberTests.feature(cucumber.api.testng.CucumberFeatureWrapper)[pri:0, instance:testrunner.testrunnerCucumber@1841320]" name="feature" class="cucumber.api.testng.AbstractTestNGCucumberTests"/>
      </group> <!-- cucumber -->
    </groups>
    <test name="Test" duration-ms="198605" started-at="2021-11-10T13:58:21Z" finished-at="2021-11-10T14:01:40Z">
      <class name="testrunner.TideApplication">
        <test-method status="PASS" signature="testcase1()[pri:1, instance:testrunner.TideApplication@e0a9ec]" name="testcase1" duration-ms="76850" started-at="2021-11-10T14:00:05Z" finished-at="2021-11-10T14:01:22Z">
          <reporter-output>
          </reporter-output>
        </test-method> <!-- testcase1 -->
        <test-method status="PASS" signature="teardown()[pri:0, instance:testrunner.TideApplication@e0a9ec]" name="teardown" is-config="true" duration-ms="685" started-at="2021-11-10T14:01:22Z" finished-at="2021-11-10T14:01:23Z">
          <reporter-output>
          </reporter-output>
        </test-method> <!-- teardown -->
        <test-method status="PASS" signature="testcase3()[pri:2, instance:testrunner.TideApplication@e0a9ec]" name="testcase3" duration-ms="15892" started-at="2021-11-10T14:01:23Z" finished-at="2021-11-10T14:01:39Z">
          <reporter-output>
          </reporter-output>
        </test-method> <!-- testcase3 -->
        <test-method status="PASS" signature="teardown()[pri:0, instance:testrunner.TideApplication@e0a9ec]" name="teardown" is-config="true" duration-ms="834" started-at="2021-11-10T14:01:39Z" finished-at="2021-11-10T14:01:40Z">
          <reporter-output>
          </reporter-output>
        </test-method> <!-- teardown -->
      </class> <!-- testrunner.TideApplication -->
      <class name="testrunner.testrunnerCucumber">
        <test-method status="PASS" signature="setUpClass()[pri:0, instance:testrunner.testrunnerCucumber@1841320]" name="setUpClass" is-config="true" duration-ms="201" started-at="2021-11-10T13:58:21Z" finished-at="2021-11-10T13:58:21Z">
          <reporter-output>
          </reporter-output>
        </test-method> <!-- setUpClass -->
        <test-method status="PASS" signature="feature(cucumber.api.testng.CucumberFeatureWrapper)[pri:0, instance:testrunner.testrunnerCucumber@1841320]" name="feature" duration-ms="104056" started-at="2021-11-10T13:58:21Z" description="Runs Cucumber Feature" data-provider="features" finished-at="2021-11-10T14:00:05Z">
          <params>
            <param index="0">
              <value>
                <![CDATA[Showing product results]]>
              </value>
            </param>
          </params>
          <reporter-output>
          </reporter-output>
        </test-method> <!-- feature -->
        <test-method status="PASS" signature="tearDownClass()[pri:0, instance:testrunner.testrunnerCucumber@1841320]" name="tearDownClass" is-config="true" duration-ms="2" started-at="2021-11-10T14:00:05Z" finished-at="2021-11-10T14:00:05Z">
          <reporter-output>
          </reporter-output>
        </test-method> <!-- tearDownClass -->
      </class> <!-- testrunner.testrunnerCucumber -->
    </test> <!-- Test -->
  </suite> <!-- Suite -->
</testng-results>
